# Logfile created on 2016-06-03 17:14:35 +0300 by logger.rb/53141
  INFO ---------------------------------------------------------------------------
  INFO START 2016-06-03 17:14:35 +0300 cap production deploy
  INFO ---------------------------------------------------------------------------
 DEBUG [8ce4971c] Running /usr/local/rvm/bin/rvm version as code@code.rademade.com
 DEBUG [8ce4971c] Command: /usr/local/rvm/bin/rvm version
 DEBUG [8ce4971c] 	rvm 1.27.0 (latest) by Wayne E. Seguin <wayneeseguin@gmail.com>, Michal Papis <mpapis@gmail.com> [https://rvm.io/]
 DEBUG [8ce4971c] Finished in 16.471 seconds with exit status 0 (successful).
 DEBUG [50e29f7d] Running /usr/local/rvm/bin/rvm current as code@code.rademade.com
 DEBUG [50e29f7d] Command: /usr/local/rvm/bin/rvm current
 DEBUG [50e29f7d] 	ruby-2.3.0
 DEBUG [50e29f7d] Finished in 0.614 seconds with exit status 0 (successful).
 DEBUG [04f2e46f] Running /usr/local/rvm/bin/rvm ruby-2.3.0@code do ruby --version as code@code.rademade.com
 DEBUG [04f2e46f] Command: /usr/local/rvm/bin/rvm ruby-2.3.0@code do ruby --version
 DEBUG [04f2e46f] 	Gemset 'code' does not exist, 'rvm ruby-2.3.0 do rvm gemset create code' first, or append '--create'.
  INFO ---------------------------------------------------------------------------
  INFO START 2016-06-03 17:15:00 +0300 cap production deploy
  INFO ---------------------------------------------------------------------------
 DEBUG [d5798baf] Running /usr/local/rvm/bin/rvm version as code@code.rademade.com
 DEBUG [d5798baf] Command: /usr/local/rvm/bin/rvm version
  INFO ---------------------------------------------------------------------------
  INFO START 2016-06-03 17:16:17 +0300 cap production deploy
  INFO ---------------------------------------------------------------------------
 DEBUG [0e5c5521] Running /usr/local/rvm/bin/rvm version as code@code.rademade.com
 DEBUG [0e5c5521] Command: /usr/local/rvm/bin/rvm version
 DEBUG [0e5c5521] 	rvm 1.27.0 (latest) by Wayne E. Seguin <wayneeseguin@gmail.com>, Michal Papis <mpapis@gmail.com> [https://rvm.io/]
 DEBUG [0e5c5521] Finished in 1.504 seconds with exit status 0 (successful).
 DEBUG [c9f1f648] Running /usr/local/rvm/bin/rvm current as code@code.rademade.com
 DEBUG [c9f1f648] Command: /usr/local/rvm/bin/rvm current
 DEBUG [c9f1f648] 	ruby-2.3.0
 DEBUG [c9f1f648] Finished in 0.614 seconds with exit status 0 (successful).
 DEBUG [afd423a8] Running /usr/local/rvm/bin/rvm ruby-2.3.0@code do ruby --version as code@code.rademade.com
 DEBUG [afd423a8] Command: /usr/local/rvm/bin/rvm ruby-2.3.0@code do ruby --version
 DEBUG [afd423a8] 	Gemset 'code' does not exist, 'rvm ruby-2.3.0 do rvm gemset create code' first, or append '--create'.
  INFO ---------------------------------------------------------------------------
  INFO START 2016-06-03 17:19:10 +0300 cap production deploy
  INFO ---------------------------------------------------------------------------
 DEBUG [348dddfb] Running /usr/local/rvm/bin/rvm version as code@code.rademade.com
 DEBUG [348dddfb] Command: /usr/local/rvm/bin/rvm version
 DEBUG [348dddfb] 	rvm 1.27.0 (latest) by Wayne E. Seguin <wayneeseguin@gmail.com>, Michal Papis <mpapis@gmail.com> [https://rvm.io/]
 DEBUG [348dddfb] Finished in 1.459 seconds with exit status 0 (successful).
 DEBUG [6a7af422] Running /usr/local/rvm/bin/rvm current as code@code.rademade.com
 DEBUG [6a7af422] Command: /usr/local/rvm/bin/rvm current
 DEBUG [6a7af422] 	ruby-2.3.0
 DEBUG [6a7af422] Finished in 0.614 seconds with exit status 0 (successful).
 DEBUG [b0fc7cf1] Running /usr/local/rvm/bin/rvm ruby-2.3.0@code do ruby --version as code@code.rademade.com
 DEBUG [b0fc7cf1] Command: /usr/local/rvm/bin/rvm ruby-2.3.0@code do ruby --version
 DEBUG [b0fc7cf1] 	ruby 2.3.0p0 (2015-12-25 revision 53290) [x86_64-linux]
 DEBUG [b0fc7cf1] Finished in 0.717 seconds with exit status 0 (successful).
  INFO [06784b3d] Running /usr/bin/env mkdir -p /tmp/Code-frontend/ as code@code.rademade.com
 DEBUG [06784b3d] Command: /usr/bin/env mkdir -p /tmp/Code-frontend/
  INFO [06784b3d] Finished in 0.510 seconds with exit status 0 (successful).
 DEBUG Uploading /tmp/Code-frontend/git-ssh.sh 0.0%
  INFO Uploading /tmp/Code-frontend/git-ssh.sh 100.0%
  INFO [5cd4c874] Running /usr/bin/env chmod +rx /tmp/Code-frontend/git-ssh.sh as code@code.rademade.com
 DEBUG [5cd4c874] Command: /usr/bin/env chmod +rx /tmp/Code-frontend/git-ssh.sh
  INFO [5cd4c874] Finished in 0.404 seconds with exit status 0 (successful).
  INFO [7b0041b8] Running /usr/bin/env git ls-remote --heads git@github.com:Rademade/coding-book.git as code@code.rademade.com
 DEBUG [7b0041b8] Command: ( export GIT_ASKPASS="/bin/echo" GIT_SSH="/tmp/Code-frontend/git-ssh.sh" ; /usr/bin/env git ls-remote --heads git@github.com:Rademade/coding-book.git )
 DEBUG [7b0041b8] 	Warning: Permanently added 'github.com,192.30.252.121' (RSA) to the list of known hosts.
 DEBUG [7b0041b8] 	Permission denied (publickey).
 DEBUG [7b0041b8] 	fatal: Could not read from remote repository.

Please make sure you have the correct access rights
and the repository exists.
  INFO ---------------------------------------------------------------------------
  INFO START 2016-06-03 17:19:52 +0300 cap production deploy
  INFO ---------------------------------------------------------------------------
 DEBUG [165f124d] Running /usr/local/rvm/bin/rvm version as deploy@code.rademade.com
 DEBUG [165f124d] Command: /usr/local/rvm/bin/rvm version
  INFO ---------------------------------------------------------------------------
  INFO START 2016-06-03 17:20:04 +0300 cap production deploy
  INFO ---------------------------------------------------------------------------
 DEBUG [1f3dfce7] Running /usr/local/rvm/bin/rvm version as code@code.rademade.com
 DEBUG [1f3dfce7] Command: /usr/local/rvm/bin/rvm version
 DEBUG [1f3dfce7] 	rvm 1.27.0 (latest) by Wayne E. Seguin <wayneeseguin@gmail.com>, Michal Papis <mpapis@gmail.com> [https://rvm.io/]
 DEBUG [1f3dfce7] Finished in 1.009 seconds with exit status 0 (successful).
 DEBUG [024513b0] Running /usr/local/rvm/bin/rvm current as code@code.rademade.com
 DEBUG [024513b0] Command: /usr/local/rvm/bin/rvm current
 DEBUG [024513b0] 	ruby-2.3.0
 DEBUG [024513b0] Finished in 0.613 seconds with exit status 0 (successful).
 DEBUG [5969dc0d] Running /usr/local/rvm/bin/rvm ruby-2.3.0@code do ruby --version as code@code.rademade.com
 DEBUG [5969dc0d] Command: /usr/local/rvm/bin/rvm ruby-2.3.0@code do ruby --version
 DEBUG [5969dc0d] 	ruby 2.3.0p0 (2015-12-25 revision 53290) [x86_64-linux]
 DEBUG [5969dc0d] Finished in 0.717 seconds with exit status 0 (successful).
  INFO [372e6cc1] Running /usr/bin/env mkdir -p /tmp/Code-frontend/ as code@code.rademade.com
 DEBUG [372e6cc1] Command: /usr/bin/env mkdir -p /tmp/Code-frontend/
  INFO [372e6cc1] Finished in 0.510 seconds with exit status 0 (successful).
 DEBUG Uploading /tmp/Code-frontend/git-ssh.sh 0.0%
  INFO Uploading /tmp/Code-frontend/git-ssh.sh 100.0%
  INFO [6a097d63] Running /usr/bin/env chmod +rx /tmp/Code-frontend/git-ssh.sh as code@code.rademade.com
 DEBUG [6a097d63] Command: /usr/bin/env chmod +rx /tmp/Code-frontend/git-ssh.sh
  INFO [6a097d63] Finished in 0.500 seconds with exit status 0 (successful).
  INFO [516341cb] Running /usr/bin/env git ls-remote --heads git@github.com:Rademade/coding-book.git as code@code.rademade.com
 DEBUG [516341cb] Command: ( export GIT_ASKPASS="/bin/echo" GIT_SSH="/tmp/Code-frontend/git-ssh.sh" ; /usr/bin/env git ls-remote --heads git@github.com:Rademade/coding-book.git )
 DEBUG [516341cb] 	Permission denied (publickey).
 DEBUG [516341cb] 	fatal: Could not read from remote repository.

Please make sure you have the correct access rights
and the repository exists.
  INFO ---------------------------------------------------------------------------
  INFO START 2016-06-03 17:25:23 +0300 cap production deploy
  INFO ---------------------------------------------------------------------------
 DEBUG [d2ed51f4] Running /usr/local/rvm/bin/rvm version as code@code.rademade.com
 DEBUG [d2ed51f4] Command: /usr/local/rvm/bin/rvm version
 DEBUG [d2ed51f4] 	rvm 1.27.0 (latest) by Wayne E. Seguin <wayneeseguin@gmail.com>, Michal Papis <mpapis@gmail.com> [https://rvm.io/]
 DEBUG [d2ed51f4] Finished in 1.111 seconds with exit status 0 (successful).
 DEBUG [4ed5a02c] Running /usr/local/rvm/bin/rvm current as code@code.rademade.com
 DEBUG [4ed5a02c] Command: /usr/local/rvm/bin/rvm current
 DEBUG [4ed5a02c] 	ruby-2.3.0
 DEBUG [4ed5a02c] Finished in 0.523 seconds with exit status 0 (successful).
 DEBUG [f27641b2] Running /usr/local/rvm/bin/rvm ruby-2.3.0@code do ruby --version as code@code.rademade.com
 DEBUG [f27641b2] Command: /usr/local/rvm/bin/rvm ruby-2.3.0@code do ruby --version
 DEBUG [f27641b2] 	ruby 2.3.0p0 (2015-12-25 revision 53290) [x86_64-linux]
 DEBUG [f27641b2] Finished in 0.717 seconds with exit status 0 (successful).
  INFO [77991c8d] Running /usr/bin/env mkdir -p /tmp/Code-frontend/ as code@code.rademade.com
 DEBUG [77991c8d] Command: /usr/bin/env mkdir -p /tmp/Code-frontend/
  INFO [77991c8d] Finished in 0.510 seconds with exit status 0 (successful).
 DEBUG Uploading /tmp/Code-frontend/git-ssh.sh 0.0%
  INFO Uploading /tmp/Code-frontend/git-ssh.sh 100.0%
  INFO [18412534] Running /usr/bin/env chmod +rx /tmp/Code-frontend/git-ssh.sh as code@code.rademade.com
 DEBUG [18412534] Command: /usr/bin/env chmod +rx /tmp/Code-frontend/git-ssh.sh
  INFO [18412534] Finished in 0.400 seconds with exit status 0 (successful).
  INFO [204a2c27] Running /usr/bin/env git ls-remote --heads git@github.com:Rademade/coding-book.git as code@code.rademade.com
 DEBUG [204a2c27] Command: ( export GIT_ASKPASS="/bin/echo" GIT_SSH="/tmp/Code-frontend/git-ssh.sh" ; /usr/bin/env git ls-remote --heads git@github.com:Rademade/coding-book.git )
 DEBUG [204a2c27] 	55fc1ed56fca53abc247250940733002a05ab891	refs/heads/master
  INFO [204a2c27] Finished in 1.946 seconds with exit status 0 (successful).
  INFO [eaef0fa3] Running /usr/bin/env mkdir -p /var/www/code/frontend/shared /var/www/code/frontend/releases as code@code.rademade.com
 DEBUG [eaef0fa3] Command: /usr/bin/env mkdir -p /var/www/code/frontend/shared /var/www/code/frontend/releases
 DEBUG [eaef0fa3] 	mkdir: cannot create directory ‘/var/www/code’
 DEBUG [eaef0fa3] 	: Permission denied
mkdir: cannot create directory ‘/var/www/code’: Permission denied
  INFO ---------------------------------------------------------------------------
  INFO START 2016-06-03 17:25:54 +0300 cap production deploy
  INFO ---------------------------------------------------------------------------
 DEBUG [7211456b] Running /usr/local/rvm/bin/rvm version as code@code.rademade.com
 DEBUG [7211456b] Command: /usr/local/rvm/bin/rvm version
 DEBUG [7211456b] 	rvm 1.27.0 (latest) by Wayne E. Seguin <wayneeseguin@gmail.com>, Michal Papis <mpapis@gmail.com> [https://rvm.io/]
 DEBUG [7211456b] Finished in 1.493 seconds with exit status 0 (successful).
 DEBUG [4eee5799] Running /usr/local/rvm/bin/rvm current as code@code.rademade.com
 DEBUG [4eee5799] Command: /usr/local/rvm/bin/rvm current
 DEBUG [4eee5799] 	ruby-2.3.0
 DEBUG [4eee5799] Finished in 0.511 seconds with exit status 0 (successful).
 DEBUG [de55abe9] Running /usr/local/rvm/bin/rvm ruby-2.3.0@code do ruby --version as code@code.rademade.com
 DEBUG [de55abe9] Command: /usr/local/rvm/bin/rvm ruby-2.3.0@code do ruby --version
 DEBUG [de55abe9] 	ruby 2.3.0p0 (2015-12-25 revision 53290) [x86_64-linux]
 DEBUG [de55abe9] Finished in 0.639 seconds with exit status 0 (successful).
  INFO [0b85d579] Running /usr/bin/env mkdir -p /tmp/Code-frontend/ as code@code.rademade.com
 DEBUG [0b85d579] Command: /usr/bin/env mkdir -p /tmp/Code-frontend/
  INFO [0b85d579] Finished in 0.412 seconds with exit status 0 (successful).
 DEBUG Uploading /tmp/Code-frontend/git-ssh.sh 0.0%
  INFO Uploading /tmp/Code-frontend/git-ssh.sh 100.0%
  INFO [99894117] Running /usr/bin/env chmod +rx /tmp/Code-frontend/git-ssh.sh as code@code.rademade.com
 DEBUG [99894117] Command: /usr/bin/env chmod +rx /tmp/Code-frontend/git-ssh.sh
  INFO [99894117] Finished in 0.408 seconds with exit status 0 (successful).
  INFO [f37619b6] Running /usr/bin/env git ls-remote --heads git@github.com:Rademade/coding-book.git as code@code.rademade.com
 DEBUG [f37619b6] Command: ( export GIT_ASKPASS="/bin/echo" GIT_SSH="/tmp/Code-frontend/git-ssh.sh" ; /usr/bin/env git ls-remote --heads git@github.com:Rademade/coding-book.git )
 DEBUG [f37619b6] 	Warning: Permanently added the RSA host key for IP address '192.30.252.128' to the list of known hosts.
 DEBUG [f37619b6] 	55fc1ed56fca53abc247250940733002a05ab891	refs/heads/master
  INFO [f37619b6] Finished in 1.839 seconds with exit status 0 (successful).
  INFO [c8128143] Running /usr/bin/env mkdir -p /var/www/code/frontend/shared /var/www/code/frontend/releases as code@code.rademade.com
 DEBUG [c8128143] Command: /usr/bin/env mkdir -p /var/www/code/frontend/shared /var/www/code/frontend/releases
 DEBUG [c8128143] 	mkdir: cannot create directory ‘/var/www/code’: Permission denied
mkdir: cannot create directory ‘/var/www/code’: Permission denied
  INFO ---------------------------------------------------------------------------
  INFO START 2016-06-03 17:29:47 +0300 cap production deploy
  INFO ---------------------------------------------------------------------------
 DEBUG [afbdf05c] Running /usr/local/rvm/bin/rvm version as code@code.rademade.com
 DEBUG [afbdf05c] Command: /usr/local/rvm/bin/rvm version
 DEBUG [afbdf05c] 	rvm 1.27.0 (latest) by Wayne E. Seguin <wayneeseguin@gmail.com>, Michal Papis <mpapis@gmail.com> [https://rvm.io/]
 DEBUG [afbdf05c] Finished in 1.429 seconds with exit status 0 (successful).
 DEBUG [173846ee] Running /usr/local/rvm/bin/rvm current as code@code.rademade.com
 DEBUG [173846ee] Command: /usr/local/rvm/bin/rvm current
 DEBUG [173846ee] 	ruby-2.3.0
 DEBUG [173846ee] Finished in 0.614 seconds with exit status 0 (successful).
 DEBUG [9154af3e] Running /usr/local/rvm/bin/rvm ruby-2.3.0@code do ruby --version as code@code.rademade.com
 DEBUG [9154af3e] Command: /usr/local/rvm/bin/rvm ruby-2.3.0@code do ruby --version
 DEBUG [9154af3e] 	ruby 2.3.0p0 (2015-12-25 revision 53290) [x86_64-linux]
 DEBUG [9154af3e] Finished in 0.716 seconds with exit status 0 (successful).
  INFO [644bfa1f] Running /usr/bin/env mkdir -p /tmp/Code-frontend/ as code@code.rademade.com
 DEBUG [644bfa1f] Command: /usr/bin/env mkdir -p /tmp/Code-frontend/
  INFO [644bfa1f] Finished in 0.510 seconds with exit status 0 (successful).
 DEBUG Uploading /tmp/Code-frontend/git-ssh.sh 0.0%
  INFO Uploading /tmp/Code-frontend/git-ssh.sh 100.0%
  INFO [3d5b3f65] Running /usr/bin/env chmod +rx /tmp/Code-frontend/git-ssh.sh as code@code.rademade.com
 DEBUG [3d5b3f65] Command: /usr/bin/env chmod +rx /tmp/Code-frontend/git-ssh.sh
  INFO [3d5b3f65] Finished in 0.497 seconds with exit status 0 (successful).
  INFO [f409e52f] Running /usr/bin/env git ls-remote --heads git@github.com:Rademade/coding-book.git as code@code.rademade.com
 DEBUG [f409e52f] Command: ( export GIT_ASKPASS="/bin/echo" GIT_SSH="/tmp/Code-frontend/git-ssh.sh" ; /usr/bin/env git ls-remote --heads git@github.com:Rademade/coding-book.git )
 DEBUG [f409e52f] 	55fc1ed56fca53abc247250940733002a05ab891	refs/heads/master
  INFO [f409e52f] Finished in 1.944 seconds with exit status 0 (successful).
  INFO [08a79239] Running /usr/bin/env mkdir -p /home/code/website-frontend/shared /home/code/website-frontend/releases as code@code.rademade.com
 DEBUG [08a79239] Command: /usr/bin/env mkdir -p /home/code/website-frontend/shared /home/code/website-frontend/releases
  INFO [08a79239] Finished in 0.510 seconds with exit status 0 (successful).
  INFO [b5647e1d] Running /usr/bin/env mkdir -p /home/code/website-frontend/shared/bower_components /home/code/website-frontend/shared/node_modules as code@code.rademade.com
 DEBUG [b5647e1d] Command: /usr/bin/env mkdir -p /home/code/website-frontend/shared/bower_components /home/code/website-frontend/shared/node_modules
  INFO [b5647e1d] Finished in 0.405 seconds with exit status 0 (successful).
 DEBUG [6aa9e10e] Running [ -f /home/code/website-frontend/current/REVISION ] as code@code.rademade.com
 DEBUG [6aa9e10e] Command: [ -f /home/code/website-frontend/current/REVISION ]
 DEBUG [6aa9e10e] Finished in 0.515 seconds with exit status 1 (failed).
 DEBUG [869f35ea] Running [ -f /home/code/website-frontend/repo/HEAD ] as code@code.rademade.com
 DEBUG [869f35ea] Command: [ -f /home/code/website-frontend/repo/HEAD ]
 DEBUG [869f35ea] Finished in 0.510 seconds with exit status 1 (failed).
 DEBUG [c1318c52] Running if test ! -d /home/code/website-frontend; then echo "Directory does not exist '/home/code/website-frontend'" 1>&2; false; fi as code@code.rademade.com
 DEBUG [c1318c52] Command: if test ! -d /home/code/website-frontend; then echo "Directory does not exist '/home/code/website-frontend'" 1>&2; false; fi
 DEBUG [c1318c52] Finished in 0.511 seconds with exit status 0 (successful).
  INFO [557d65fa] Running /usr/bin/env git clone --mirror git@github.com:Rademade/coding-book.git /home/code/website-frontend/repo as code@code.rademade.com
 DEBUG [557d65fa] Command: cd /home/code/website-frontend && ( export GIT_ASKPASS="/bin/echo" GIT_SSH="/tmp/Code-frontend/git-ssh.sh" ; /usr/bin/env git clone --mirror git@github.com:Rademade/coding-book.git /home/code/website-frontend/repo )
 DEBUG [557d65fa] 	Cloning into bare repository '/home/code/website-frontend/repo'...
  INFO [557d65fa] Finished in 2.487 seconds with exit status 0 (successful).
 DEBUG [76d442ee] Running if test ! -d /home/code/website-frontend/repo; then echo "Directory does not exist '/home/code/website-frontend/repo'" 1>&2; false; fi as code@code.rademade.com
 DEBUG [76d442ee] Command: if test ! -d /home/code/website-frontend/repo; then echo "Directory does not exist '/home/code/website-frontend/repo'" 1>&2; false; fi
 DEBUG [76d442ee] Finished in 0.481 seconds with exit status 0 (successful).
  INFO [b7cf9cc6] Running /usr/bin/env git remote update --prune as code@code.rademade.com
 DEBUG [b7cf9cc6] Command: cd /home/code/website-frontend/repo && ( export GIT_ASKPASS="/bin/echo" GIT_SSH="/tmp/Code-frontend/git-ssh.sh" ; /usr/bin/env git remote update --prune )
 DEBUG [b7cf9cc6] 	Fetching origin
  INFO [b7cf9cc6] Finished in 2.149 seconds with exit status 0 (successful).
 DEBUG [046435e1] Running if test ! -d /home/code/website-frontend/repo; then echo "Directory does not exist '/home/code/website-frontend/repo'" 1>&2; false; fi as code@code.rademade.com
 DEBUG [046435e1] Command: if test ! -d /home/code/website-frontend/repo; then echo "Directory does not exist '/home/code/website-frontend/repo'" 1>&2; false; fi
 DEBUG [046435e1] Finished in 0.512 seconds with exit status 0 (successful).
  INFO [36af2049] Running /usr/bin/env mkdir -p /home/code/website-frontend/releases/20160603142955 as code@code.rademade.com
 DEBUG [36af2049] Command: cd /home/code/website-frontend/repo && ( export GIT_ASKPASS="/bin/echo" GIT_SSH="/tmp/Code-frontend/git-ssh.sh" ; /usr/bin/env mkdir -p /home/code/website-frontend/releases/20160603142955 )
  INFO [36af2049] Finished in 0.511 seconds with exit status 0 (successful).
  INFO [b6b1f585] Running /usr/bin/env git archive master | tar -x -f - -C /home/code/website-frontend/releases/20160603142955 as code@code.rademade.com
 DEBUG [b6b1f585] Command: cd /home/code/website-frontend/repo && ( export GIT_ASKPASS="/bin/echo" GIT_SSH="/tmp/Code-frontend/git-ssh.sh" ; /usr/bin/env git archive master | tar -x -f - -C /home/code/website-frontend/releases/20160603142955 )
  INFO [b6b1f585] Finished in 0.511 seconds with exit status 0 (successful).
 DEBUG [0d182276] Running if test ! -d /home/code/website-frontend/repo; then echo "Directory does not exist '/home/code/website-frontend/repo'" 1>&2; false; fi as code@code.rademade.com
 DEBUG [0d182276] Command: if test ! -d /home/code/website-frontend/repo; then echo "Directory does not exist '/home/code/website-frontend/repo'" 1>&2; false; fi
 DEBUG [0d182276] Finished in 0.512 seconds with exit status 0 (successful).
 DEBUG [571a306f] Running /usr/bin/env git rev-list --max-count=1 master as code@code.rademade.com
 DEBUG [571a306f] Command: cd /home/code/website-frontend/repo && ( export GIT_ASKPASS="/bin/echo" GIT_SSH="/tmp/Code-frontend/git-ssh.sh" ; /usr/bin/env git rev-list --max-count=1 master )
 DEBUG [571a306f] 	55fc1ed56fca53abc247250940733002a05ab891
 DEBUG [571a306f] Finished in 0.513 seconds with exit status 0 (successful).
 DEBUG [ea697b9f] Running if test ! -d /home/code/website-frontend/releases/20160603142955; then echo "Directory does not exist '/home/code/website-frontend/releases/20160603142955'" 1>&2; false; fi as code@code.rademade.com
 DEBUG [ea697b9f] Command: if test ! -d /home/code/website-frontend/releases/20160603142955; then echo "Directory does not exist '/home/code/website-frontend/releases/20160603142955'" 1>&2; false; fi
 DEBUG [ea697b9f] Finished in 0.510 seconds with exit status 0 (successful).
  INFO [d191313e] Running /usr/bin/env echo "55fc1ed56fca53abc247250940733002a05ab891" >> REVISION as code@code.rademade.com
 DEBUG [d191313e] Command: cd /home/code/website-frontend/releases/20160603142955 && /usr/bin/env echo "55fc1ed56fca53abc247250940733002a05ab891" >> REVISION
  INFO [d191313e] Finished in 0.431 seconds with exit status 0 (successful).
  INFO [ab65312b] Running /usr/bin/env mkdir -p /home/code/website-frontend/releases/20160603142955 as code@code.rademade.com
 DEBUG [ab65312b] Command: /usr/bin/env mkdir -p /home/code/website-frontend/releases/20160603142955
  INFO [ab65312b] Finished in 0.489 seconds with exit status 0 (successful).
 DEBUG [20676d80] Running [ -L /home/code/website-frontend/releases/20160603142955/bower_components ] as code@code.rademade.com
 DEBUG [20676d80] Command: [ -L /home/code/website-frontend/releases/20160603142955/bower_components ]
 DEBUG [20676d80] Finished in 0.512 seconds with exit status 1 (failed).
 DEBUG [ec4d7d28] Running [ -d /home/code/website-frontend/releases/20160603142955/bower_components ] as code@code.rademade.com
 DEBUG [ec4d7d28] Command: [ -d /home/code/website-frontend/releases/20160603142955/bower_components ]
 DEBUG [ec4d7d28] Finished in 0.409 seconds with exit status 1 (failed).
  INFO [b8be9650] Running /usr/bin/env ln -s /home/code/website-frontend/shared/bower_components /home/code/website-frontend/releases/20160603142955/bower_components as code@code.rademade.com
 DEBUG [b8be9650] Command: /usr/bin/env ln -s /home/code/website-frontend/shared/bower_components /home/code/website-frontend/releases/20160603142955/bower_components
  INFO [b8be9650] Finished in 0.512 seconds with exit status 0 (successful).
 DEBUG [cefed450] Running [ -L /home/code/website-frontend/releases/20160603142955/node_modules ] as code@code.rademade.com
 DEBUG [cefed450] Command: [ -L /home/code/website-frontend/releases/20160603142955/node_modules ]
 DEBUG [cefed450] Finished in 0.409 seconds with exit status 1 (failed).
 DEBUG [b66f8d61] Running [ -d /home/code/website-frontend/releases/20160603142955/node_modules ] as code@code.rademade.com
 DEBUG [b66f8d61] Command: [ -d /home/code/website-frontend/releases/20160603142955/node_modules ]
 DEBUG [b66f8d61] Finished in 0.512 seconds with exit status 1 (failed).
  INFO [6151aea3] Running /usr/bin/env ln -s /home/code/website-frontend/shared/node_modules /home/code/website-frontend/releases/20160603142955/node_modules as code@code.rademade.com
 DEBUG [6151aea3] Command: /usr/bin/env ln -s /home/code/website-frontend/shared/node_modules /home/code/website-frontend/releases/20160603142955/node_modules
  INFO [6151aea3] Finished in 0.511 seconds with exit status 0 (successful).
 DEBUG [7a657a48] Running if test ! -d /home/code/website-frontend/releases/20160603142955; then echo "Directory does not exist '/home/code/website-frontend/releases/20160603142955'" 1>&2; false; fi as code@code.rademade.com
 DEBUG [7a657a48] Command: if test ! -d /home/code/website-frontend/releases/20160603142955; then echo "Directory does not exist '/home/code/website-frontend/releases/20160603142955'" 1>&2; false; fi
 DEBUG [7a657a48] Finished in 0.406 seconds with exit status 0 (successful).
  INFO [424cfd3b] Running /usr/local/rvm/bin/rvm ruby-2.3.0@code do bundle install --path /home/code/website-frontend/shared/bundle --without development test --deployment --quiet as code@code.rademade.com
 DEBUG [424cfd3b] Command: cd /home/code/website-frontend/releases/20160603142955 && /usr/local/rvm/bin/rvm ruby-2.3.0@code do bundle install --path /home/code/website-frontend/shared/bundle --without development test --deployment --quiet
 DEBUG [424cfd3b] 	Could not locate Gemfile
  INFO ---------------------------------------------------------------------------
  INFO START 2016-06-03 17:35:36 +0300 cap production deploy
  INFO ---------------------------------------------------------------------------
 DEBUG [0878b9b2] Running /usr/local/rvm/bin/rvm version as code@code.rademade.com
 DEBUG [0878b9b2] Command: /usr/local/rvm/bin/rvm version
 DEBUG [0878b9b2] 	rvm 1.27.0 (latest) by Wayne E. Seguin <wayneeseguin@gmail.com>, Michal Papis <mpapis@gmail.com> [https://rvm.io/]
 DEBUG [0878b9b2] Finished in 1.052 seconds with exit status 0 (successful).
 DEBUG [e3f59c80] Running /usr/local/rvm/bin/rvm current as code@code.rademade.com
 DEBUG [e3f59c80] Command: /usr/local/rvm/bin/rvm current
 DEBUG [e3f59c80] 	ruby-2.3.0
 DEBUG [e3f59c80] Finished in 0.616 seconds with exit status 0 (successful).
 DEBUG [e3d15810] Running /usr/local/rvm/bin/rvm ruby-2.3.0@code do ruby --version as code@code.rademade.com
 DEBUG [e3d15810] Command: /usr/local/rvm/bin/rvm ruby-2.3.0@code do ruby --version
 DEBUG [e3d15810] 	ruby 2.3.0p0 (2015-12-25 revision 53290) [x86_64-linux]
 DEBUG [e3d15810] Finished in 0.634 seconds with exit status 0 (successful).
  INFO [6bae8e75] Running /usr/bin/env mkdir -p /tmp/Code-frontend/ as code@code.rademade.com
 DEBUG [6bae8e75] Command: /usr/bin/env mkdir -p /tmp/Code-frontend/
  INFO [6bae8e75] Finished in 0.490 seconds with exit status 0 (successful).
 DEBUG Uploading /tmp/Code-frontend/git-ssh.sh 0.0%
  INFO Uploading /tmp/Code-frontend/git-ssh.sh 100.0%
  INFO [c87298ce] Running /usr/bin/env chmod +rx /tmp/Code-frontend/git-ssh.sh as code@code.rademade.com
 DEBUG [c87298ce] Command: /usr/bin/env chmod +rx /tmp/Code-frontend/git-ssh.sh
  INFO [c87298ce] Finished in 0.405 seconds with exit status 0 (successful).
  INFO [07dffb57] Running /usr/bin/env git ls-remote --heads git@github.com:Rademade/coding-book.git as code@code.rademade.com
 DEBUG [07dffb57] Command: ( export GIT_ASKPASS="/bin/echo" GIT_SSH="/tmp/Code-frontend/git-ssh.sh" ; /usr/bin/env git ls-remote --heads git@github.com:Rademade/coding-book.git )
 DEBUG [07dffb57] 	Warning: Permanently added the RSA host key for IP address '192.30.252.120' to the list of known hosts.
 DEBUG [07dffb57] 	55fc1ed56fca53abc247250940733002a05ab891	refs/heads/master
  INFO [07dffb57] Finished in 1.846 seconds with exit status 0 (successful).
  INFO [f8d25424] Running /usr/bin/env mkdir -p /home/code/website-frontend/shared /home/code/website-frontend/releases as code@code.rademade.com
 DEBUG [f8d25424] Command: /usr/bin/env mkdir -p /home/code/website-frontend/shared /home/code/website-frontend/releases
  INFO [f8d25424] Finished in 0.510 seconds with exit status 0 (successful).
  INFO [3c6977b5] Running /usr/bin/env mkdir -p /home/code/website-frontend/shared/bower_components /home/code/website-frontend/shared/node_modules as code@code.rademade.com
 DEBUG [3c6977b5] Command: /usr/bin/env mkdir -p /home/code/website-frontend/shared/bower_components /home/code/website-frontend/shared/node_modules
  INFO [3c6977b5] Finished in 0.510 seconds with exit status 0 (successful).
 DEBUG [fd6c1fed] Running [ -f /home/code/website-frontend/current/REVISION ] as code@code.rademade.com
 DEBUG [fd6c1fed] Command: [ -f /home/code/website-frontend/current/REVISION ]
 DEBUG [fd6c1fed] Finished in 0.511 seconds with exit status 1 (failed).
 DEBUG [c9344d5a] Running [ -f /home/code/website-frontend/repo/HEAD ] as code@code.rademade.com
 DEBUG [c9344d5a] Command: [ -f /home/code/website-frontend/repo/HEAD ]
 DEBUG [c9344d5a] Finished in 0.408 seconds with exit status 0 (successful).
  INFO The repository mirror is at /home/code/website-frontend/repo
 DEBUG [8edf9cdd] Running if test ! -d /home/code/website-frontend/repo; then echo "Directory does not exist '/home/code/website-frontend/repo'" 1>&2; false; fi as code@code.rademade.com
 DEBUG [8edf9cdd] Command: if test ! -d /home/code/website-frontend/repo; then echo "Directory does not exist '/home/code/website-frontend/repo'" 1>&2; false; fi
 DEBUG [8edf9cdd] Finished in 0.409 seconds with exit status 0 (successful).
  INFO [108193f4] Running /usr/bin/env git remote update --prune as code@code.rademade.com
 DEBUG [108193f4] Command: cd /home/code/website-frontend/repo && ( export GIT_ASKPASS="/bin/echo" GIT_SSH="/tmp/Code-frontend/git-ssh.sh" ; /usr/bin/env git remote update --prune )
 DEBUG [108193f4] 	Fetching origin
  INFO [108193f4] Finished in 1.754 seconds with exit status 0 (successful).
 DEBUG [8785c2a3] Running if test ! -d /home/code/website-frontend/repo; then echo "Directory does not exist '/home/code/website-frontend/repo'" 1>&2; false; fi as code@code.rademade.com
 DEBUG [8785c2a3] Command: if test ! -d /home/code/website-frontend/repo; then echo "Directory does not exist '/home/code/website-frontend/repo'" 1>&2; false; fi
 DEBUG [8785c2a3] Finished in 0.496 seconds with exit status 0 (successful).
  INFO [41c8e0eb] Running /usr/bin/env mkdir -p /home/code/website-frontend/releases/20160603143544 as code@code.rademade.com
 DEBUG [41c8e0eb] Command: cd /home/code/website-frontend/repo && ( export GIT_ASKPASS="/bin/echo" GIT_SSH="/tmp/Code-frontend/git-ssh.sh" ; /usr/bin/env mkdir -p /home/code/website-frontend/releases/20160603143544 )
  INFO [41c8e0eb] Finished in 0.427 seconds with exit status 0 (successful).
  INFO [8e068cd8] Running /usr/bin/env git archive master | tar -x -f - -C /home/code/website-frontend/releases/20160603143544 as code@code.rademade.com
 DEBUG [8e068cd8] Command: cd /home/code/website-frontend/repo && ( export GIT_ASKPASS="/bin/echo" GIT_SSH="/tmp/Code-frontend/git-ssh.sh" ; /usr/bin/env git archive master | tar -x -f - -C /home/code/website-frontend/releases/20160603143544 )
  INFO [8e068cd8] Finished in 0.439 seconds with exit status 0 (successful).
 DEBUG [e9c8a160] Running if test ! -d /home/code/website-frontend/repo; then echo "Directory does not exist '/home/code/website-frontend/repo'" 1>&2; false; fi as code@code.rademade.com
 DEBUG [e9c8a160] Command: if test ! -d /home/code/website-frontend/repo; then echo "Directory does not exist '/home/code/website-frontend/repo'" 1>&2; false; fi
 DEBUG [e9c8a160] Finished in 0.412 seconds with exit status 0 (successful).
 DEBUG [4384595c] Running /usr/bin/env git rev-list --max-count=1 master as code@code.rademade.com
 DEBUG [4384595c] Command: cd /home/code/website-frontend/repo && ( export GIT_ASKPASS="/bin/echo" GIT_SSH="/tmp/Code-frontend/git-ssh.sh" ; /usr/bin/env git rev-list --max-count=1 master )
 DEBUG [4384595c] 	55fc1ed56fca53abc247250940733002a05ab891
 DEBUG [4384595c] Finished in 0.419 seconds with exit status 0 (successful).
 DEBUG [237e003f] Running if test ! -d /home/code/website-frontend/releases/20160603143544; then echo "Directory does not exist '/home/code/website-frontend/releases/20160603143544'" 1>&2; false; fi as code@code.rademade.com
 DEBUG [237e003f] Command: if test ! -d /home/code/website-frontend/releases/20160603143544; then echo "Directory does not exist '/home/code/website-frontend/releases/20160603143544'" 1>&2; false; fi
 DEBUG [237e003f] Finished in 0.450 seconds with exit status 0 (successful).
  INFO [63ae70b3] Running /usr/bin/env echo "55fc1ed56fca53abc247250940733002a05ab891" >> REVISION as code@code.rademade.com
 DEBUG [63ae70b3] Command: cd /home/code/website-frontend/releases/20160603143544 && /usr/bin/env echo "55fc1ed56fca53abc247250940733002a05ab891" >> REVISION
  INFO [63ae70b3] Finished in 0.512 seconds with exit status 0 (successful).
  INFO [17807dc3] Running /usr/bin/env mkdir -p /home/code/website-frontend/releases/20160603143544 as code@code.rademade.com
 DEBUG [17807dc3] Command: /usr/bin/env mkdir -p /home/code/website-frontend/releases/20160603143544
  INFO [17807dc3] Finished in 0.415 seconds with exit status 0 (successful).
 DEBUG [0d8b8fe0] Running [ -L /home/code/website-frontend/releases/20160603143544/bower_components ] as code@code.rademade.com
 DEBUG [0d8b8fe0] Command: [ -L /home/code/website-frontend/releases/20160603143544/bower_components ]
 DEBUG [0d8b8fe0] Finished in 0.403 seconds with exit status 1 (failed).
 DEBUG [5ae0dc05] Running [ -d /home/code/website-frontend/releases/20160603143544/bower_components ] as code@code.rademade.com
 DEBUG [5ae0dc05] Command: [ -d /home/code/website-frontend/releases/20160603143544/bower_components ]
 DEBUG [5ae0dc05] Finished in 0.402 seconds with exit status 1 (failed).
  INFO [b6da1740] Running /usr/bin/env ln -s /home/code/website-frontend/shared/bower_components /home/code/website-frontend/releases/20160603143544/bower_components as code@code.rademade.com
 DEBUG [b6da1740] Command: /usr/bin/env ln -s /home/code/website-frontend/shared/bower_components /home/code/website-frontend/releases/20160603143544/bower_components
  INFO [b6da1740] Finished in 0.401 seconds with exit status 0 (successful).
 DEBUG [5aef172d] Running [ -L /home/code/website-frontend/releases/20160603143544/node_modules ] as code@code.rademade.com
 DEBUG [5aef172d] Command: [ -L /home/code/website-frontend/releases/20160603143544/node_modules ]
 DEBUG [5aef172d] Finished in 0.403 seconds with exit status 1 (failed).
 DEBUG [2ed1b292] Running [ -d /home/code/website-frontend/releases/20160603143544/node_modules ] as code@code.rademade.com
 DEBUG [2ed1b292] Command: [ -d /home/code/website-frontend/releases/20160603143544/node_modules ]
 DEBUG [2ed1b292] Finished in 0.404 seconds with exit status 1 (failed).
  INFO [446330ed] Running /usr/bin/env ln -s /home/code/website-frontend/shared/node_modules /home/code/website-frontend/releases/20160603143544/node_modules as code@code.rademade.com
 DEBUG [446330ed] Command: /usr/bin/env ln -s /home/code/website-frontend/shared/node_modules /home/code/website-frontend/releases/20160603143544/node_modules
  INFO [446330ed] Finished in 0.403 seconds with exit status 0 (successful).
 DEBUG [6c511d8d] Running if test ! -d /home/code/website-frontend/releases/20160603143544; then echo "Directory does not exist '/home/code/website-frontend/releases/20160603143544'" 1>&2; false; fi as code@code.rademade.com
 DEBUG [6c511d8d] Command: if test ! -d /home/code/website-frontend/releases/20160603143544; then echo "Directory does not exist '/home/code/website-frontend/releases/20160603143544'" 1>&2; false; fi
 DEBUG [6c511d8d] Finished in 0.408 seconds with exit status 0 (successful).
  INFO [9a261e02] Running /usr/local/rvm/bin/rvm ruby-2.3.0@code do bundle install --path /home/code/website-frontend/shared/bundle --without development test --deployment --quiet as code@code.rademade.com
 DEBUG [9a261e02] Command: cd /home/code/website-frontend/releases/20160603143544 && /usr/local/rvm/bin/rvm ruby-2.3.0@code do bundle install --path /home/code/website-frontend/shared/bundle --without development test --deployment --quiet
 DEBUG [9a261e02] 	Could not locate Gemfile
  INFO ---------------------------------------------------------------------------
  INFO START 2016-06-03 17:36:38 +0300 cap production deploy
  INFO ---------------------------------------------------------------------------
 DEBUG [7e46bfa2] Running /usr/local/rvm/bin/rvm version as code@code.rademade.com
 DEBUG [7e46bfa2] Command: /usr/local/rvm/bin/rvm version
 DEBUG [7e46bfa2] 	rvm 1.27.0 (latest) by Wayne E. Seguin <wayneeseguin@gmail.com>, Michal Papis <mpapis@gmail.com> [https://rvm.io/]
 DEBUG [7e46bfa2] Finished in 0.983 seconds with exit status 0 (successful).
 DEBUG [f95988f6] Running /usr/local/rvm/bin/rvm current as code@code.rademade.com
 DEBUG [f95988f6] Command: /usr/local/rvm/bin/rvm current
 DEBUG [f95988f6] 	ruby-2.3.0
 DEBUG [f95988f6] Finished in 0.612 seconds with exit status 0 (successful).
 DEBUG [71bbdfec] Running /usr/local/rvm/bin/rvm ruby-2.3.0@code do ruby --version as code@code.rademade.com
 DEBUG [71bbdfec] Command: /usr/local/rvm/bin/rvm ruby-2.3.0@code do ruby --version
 DEBUG [71bbdfec] 	ruby 2.3.0p0 (2015-12-25 revision 53290) [x86_64-linux]
 DEBUG [71bbdfec] Finished in 0.628 seconds with exit status 0 (successful).
  INFO [55c8396b] Running /usr/bin/env mkdir -p /tmp/Code-frontend/ as code@code.rademade.com
 DEBUG [55c8396b] Command: /usr/bin/env mkdir -p /tmp/Code-frontend/
  INFO [55c8396b] Finished in 0.496 seconds with exit status 0 (successful).
 DEBUG Uploading /tmp/Code-frontend/git-ssh.sh 0.0%
  INFO Uploading /tmp/Code-frontend/git-ssh.sh 100.0%
  INFO [7e9c6bd0] Running /usr/bin/env chmod +rx /tmp/Code-frontend/git-ssh.sh as code@code.rademade.com
 DEBUG [7e9c6bd0] Command: /usr/bin/env chmod +rx /tmp/Code-frontend/git-ssh.sh
  INFO [7e9c6bd0] Finished in 0.405 seconds with exit status 0 (successful).
  INFO [fd128787] Running /usr/bin/env git ls-remote --heads git@github.com:Rademade/coding-book.git as code@code.rademade.com
 DEBUG [fd128787] Command: ( export GIT_ASKPASS="/bin/echo" GIT_SSH="/tmp/Code-frontend/git-ssh.sh" ; /usr/bin/env git ls-remote --heads git@github.com:Rademade/coding-book.git )
 DEBUG [fd128787] 	55fc1ed56fca53abc247250940733002a05ab891	refs/heads/master
  INFO [fd128787] Finished in 1.753 seconds with exit status 0 (successful).
  INFO [cf35570d] Running /usr/bin/env mkdir -p /home/code/website-frontend/shared /home/code/website-frontend/releases as code@code.rademade.com
 DEBUG [cf35570d] Command: /usr/bin/env mkdir -p /home/code/website-frontend/shared /home/code/website-frontend/releases
  INFO [cf35570d] Finished in 0.410 seconds with exit status 0 (successful).
  INFO [07cd999f] Running /usr/bin/env mkdir -p /home/code/website-frontend/shared/bower_components /home/code/website-frontend/shared/node_modules as code@code.rademade.com
 DEBUG [07cd999f] Command: /usr/bin/env mkdir -p /home/code/website-frontend/shared/bower_components /home/code/website-frontend/shared/node_modules
  INFO [07cd999f] Finished in 0.474 seconds with exit status 0 (successful).
 DEBUG [338f277e] Running [ -f /home/code/website-frontend/current/REVISION ] as code@code.rademade.com
 DEBUG [338f277e] Command: [ -f /home/code/website-frontend/current/REVISION ]
 DEBUG [338f277e] Finished in 0.408 seconds with exit status 1 (failed).
 DEBUG [39e9fe8c] Running [ -f /home/code/website-frontend/repo/HEAD ] as code@code.rademade.com
 DEBUG [39e9fe8c] Command: [ -f /home/code/website-frontend/repo/HEAD ]
 DEBUG [39e9fe8c] Finished in 0.411 seconds with exit status 0 (successful).
  INFO The repository mirror is at /home/code/website-frontend/repo
 DEBUG [bc65a9a2] Running if test ! -d /home/code/website-frontend/repo; then echo "Directory does not exist '/home/code/website-frontend/repo'" 1>&2; false; fi as code@code.rademade.com
 DEBUG [bc65a9a2] Command: if test ! -d /home/code/website-frontend/repo; then echo "Directory does not exist '/home/code/website-frontend/repo'" 1>&2; false; fi
 DEBUG [bc65a9a2] Finished in 0.429 seconds with exit status 0 (successful).
  INFO [7820e40f] Running /usr/bin/env git remote update --prune as code@code.rademade.com
 DEBUG [7820e40f] Command: cd /home/code/website-frontend/repo && ( export GIT_ASKPASS="/bin/echo" GIT_SSH="/tmp/Code-frontend/git-ssh.sh" ; /usr/bin/env git remote update --prune )
 DEBUG [7820e40f] 	Fetching origin
  INFO [7820e40f] Finished in 1.740 seconds with exit status 0 (successful).
 DEBUG [6598fd67] Running if test ! -d /home/code/website-frontend/repo; then echo "Directory does not exist '/home/code/website-frontend/repo'" 1>&2; false; fi as code@code.rademade.com
 DEBUG [6598fd67] Command: if test ! -d /home/code/website-frontend/repo; then echo "Directory does not exist '/home/code/website-frontend/repo'" 1>&2; false; fi
 DEBUG [6598fd67] Finished in 0.403 seconds with exit status 0 (successful).
  INFO [aaa95e05] Running /usr/bin/env mkdir -p /home/code/website-frontend/releases/20160603143645 as code@code.rademade.com
 DEBUG [aaa95e05] Command: cd /home/code/website-frontend/repo && ( export GIT_ASKPASS="/bin/echo" GIT_SSH="/tmp/Code-frontend/git-ssh.sh" ; /usr/bin/env mkdir -p /home/code/website-frontend/releases/20160603143645 )
  INFO [aaa95e05] Finished in 0.414 seconds with exit status 0 (successful).
  INFO [13a1455b] Running /usr/bin/env git archive master | tar -x -f - -C /home/code/website-frontend/releases/20160603143645 as code@code.rademade.com
 DEBUG [13a1455b] Command: cd /home/code/website-frontend/repo && ( export GIT_ASKPASS="/bin/echo" GIT_SSH="/tmp/Code-frontend/git-ssh.sh" ; /usr/bin/env git archive master | tar -x -f - -C /home/code/website-frontend/releases/20160603143645 )
  INFO [13a1455b] Finished in 0.418 seconds with exit status 0 (successful).
 DEBUG [c19bdb3a] Running if test ! -d /home/code/website-frontend/repo; then echo "Directory does not exist '/home/code/website-frontend/repo'" 1>&2; false; fi as code@code.rademade.com
 DEBUG [c19bdb3a] Command: if test ! -d /home/code/website-frontend/repo; then echo "Directory does not exist '/home/code/website-frontend/repo'" 1>&2; false; fi
 DEBUG [c19bdb3a] Finished in 0.403 seconds with exit status 0 (successful).
 DEBUG [c12f058c] Running /usr/bin/env git rev-list --max-count=1 master as code@code.rademade.com
 DEBUG [c12f058c] Command: cd /home/code/website-frontend/repo && ( export GIT_ASKPASS="/bin/echo" GIT_SSH="/tmp/Code-frontend/git-ssh.sh" ; /usr/bin/env git rev-list --max-count=1 master )
 DEBUG [c12f058c] 	55fc1ed56fca53abc247250940733002a05ab891
 DEBUG [c12f058c] Finished in 0.413 seconds with exit status 0 (successful).
 DEBUG [f712b841] Running if test ! -d /home/code/website-frontend/releases/20160603143645; then echo "Directory does not exist '/home/code/website-frontend/releases/20160603143645'" 1>&2; false; fi as code@code.rademade.com
 DEBUG [f712b841] Command: if test ! -d /home/code/website-frontend/releases/20160603143645; then echo "Directory does not exist '/home/code/website-frontend/releases/20160603143645'" 1>&2; false; fi
 DEBUG [f712b841] Finished in 0.400 seconds with exit status 0 (successful).
  INFO [554e6eed] Running /usr/bin/env echo "55fc1ed56fca53abc247250940733002a05ab891" >> REVISION as code@code.rademade.com
 DEBUG [554e6eed] Command: cd /home/code/website-frontend/releases/20160603143645 && /usr/bin/env echo "55fc1ed56fca53abc247250940733002a05ab891" >> REVISION
  INFO [554e6eed] Finished in 0.434 seconds with exit status 0 (successful).
  INFO [d5fbf69d] Running /usr/bin/env mkdir -p /home/code/website-frontend/releases/20160603143645 as code@code.rademade.com
 DEBUG [d5fbf69d] Command: /usr/bin/env mkdir -p /home/code/website-frontend/releases/20160603143645
  INFO [d5fbf69d] Finished in 0.401 seconds with exit status 0 (successful).
 DEBUG [d470e284] Running [ -L /home/code/website-frontend/releases/20160603143645/bower_components ] as code@code.rademade.com
 DEBUG [d470e284] Command: [ -L /home/code/website-frontend/releases/20160603143645/bower_components ]
 DEBUG [d470e284] Finished in 0.402 seconds with exit status 1 (failed).
 DEBUG [0623a049] Running [ -d /home/code/website-frontend/releases/20160603143645/bower_components ] as code@code.rademade.com
 DEBUG [0623a049] Command: [ -d /home/code/website-frontend/releases/20160603143645/bower_components ]
 DEBUG [0623a049] Finished in 0.404 seconds with exit status 1 (failed).
  INFO [13f56435] Running /usr/bin/env ln -s /home/code/website-frontend/shared/bower_components /home/code/website-frontend/releases/20160603143645/bower_components as code@code.rademade.com
 DEBUG [13f56435] Command: /usr/bin/env ln -s /home/code/website-frontend/shared/bower_components /home/code/website-frontend/releases/20160603143645/bower_components
  INFO [13f56435] Finished in 0.402 seconds with exit status 0 (successful).
 DEBUG [57edab90] Running [ -L /home/code/website-frontend/releases/20160603143645/node_modules ] as code@code.rademade.com
 DEBUG [57edab90] Command: [ -L /home/code/website-frontend/releases/20160603143645/node_modules ]
 DEBUG [57edab90] Finished in 0.404 seconds with exit status 1 (failed).
 DEBUG [080f9ff7] Running [ -d /home/code/website-frontend/releases/20160603143645/node_modules ] as code@code.rademade.com
 DEBUG [080f9ff7] Command: [ -d /home/code/website-frontend/releases/20160603143645/node_modules ]
 DEBUG [080f9ff7] Finished in 0.404 seconds with exit status 1 (failed).
  INFO [1c15c642] Running /usr/bin/env ln -s /home/code/website-frontend/shared/node_modules /home/code/website-frontend/releases/20160603143645/node_modules as code@code.rademade.com
 DEBUG [1c15c642] Command: /usr/bin/env ln -s /home/code/website-frontend/shared/node_modules /home/code/website-frontend/releases/20160603143645/node_modules
  INFO [1c15c642] Finished in 0.416 seconds with exit status 0 (successful).
 DEBUG [e8b41d25] Running if test ! -d /home/code/website-frontend/releases/20160603143645; then echo "Directory does not exist '/home/code/website-frontend/releases/20160603143645'" 1>&2; false; fi as code@code.rademade.com
 DEBUG [e8b41d25] Command: if test ! -d /home/code/website-frontend/releases/20160603143645; then echo "Directory does not exist '/home/code/website-frontend/releases/20160603143645'" 1>&2; false; fi
 DEBUG [e8b41d25] Finished in 0.407 seconds with exit status 0 (successful).
  INFO [93df23c2] Running /usr/local/rvm/bin/rvm ruby-2.3.0@code do bundle install --path /home/code/website-frontend/shared/bundle --without development test --deployment --quiet as code@code.rademade.com
 DEBUG [93df23c2] Command: cd /home/code/website-frontend/releases/20160603143645 && /usr/local/rvm/bin/rvm ruby-2.3.0@code do bundle install --path /home/code/website-frontend/shared/bundle --without development test --deployment --quiet
 DEBUG [93df23c2] 	Could not locate Gemfile
